<html>
<head>
<title>TestNG:  Cucumber Test</title>
<link href="../testng.css" rel="stylesheet" type="text/css" />
<link href="../my-testng.css" rel="stylesheet" type="text/css" />

<style type="text/css">
.log { display: none;} 
.stack-trace { display: none;} 
</style>
<script type="text/javascript">
<!--
function flip(e) {
  current = e.style.display;
  if (current == 'block') {
    e.style.display = 'none';
    return 0;
  }
  else {
    e.style.display = 'block';
    return 1;
  }
}

function toggleBox(szDivId, elem, msg1, msg2)
{
  var res = -1;  if (document.getElementById) {
    res = flip(document.getElementById(szDivId));
  }
  else if (document.all) {
    // this is the way old msie versions work
    res = flip(document.all[szDivId]);
  }
  if(elem) {
    if(res == 0) elem.innerHTML = msg1; else elem.innerHTML = msg2;
  }

}

function toggleAllBoxes() {
  if (document.getElementsByTagName) {
    d = document.getElementsByTagName('div');
    for (i = 0; i < d.length; i++) {
      if (d[i].className == 'log') {
        flip(d[i]);
      }
    }
  }
}

// -->
</script>

</head>
<body>
<h2 align='center'>Cucumber Test</h2><table border='1' align="center">
<tr>
<td>Tests passed/Failed/Skipped:</td><td>3/2/0</td>
</tr><tr>
<td>Started on:</td><td>Sun Feb 16 21:47:35 IST 2025</td>
</tr>
<tr><td>Total time:</td><td>29 seconds (29161 ms)</td>
</tr><tr>
<td>Included groups:</td><td></td>
</tr><tr>
<td>Excluded groups:</td><td></td>
</tr>
</table><p/>
<small><i>(Hover the method name to see the test class name)</i></small><p/>
<table width='100%' border='1' class='invocation-failed'>
<tr><td colspan='4' align='center'><b>FAILED TESTS</b></td></tr>
<tr><td><b>Test method</b></td>
<td><b>Attribute(s)</b></td>
<td width="30%"><b>Exception</b></td>
<td width="10%"><b>Time (seconds)</b></td>
<td><b>Instance</b></td>
</tr>
<tr>
<td title='TestRunner.TestRunnerTestNg.runScenario()'><b>runScenario</b><br>Test class: TestRunner.TestRunnerTestNg<br>Test method: Runs Cucumber Scenarios<br>Parameters: "Title of your scenario", "Title of your feature"</td>
<td><div><pre>io.cucumber.testng.UndefinedStepException: The step &apos;welcome message should appear on webpage	assert&apos; is undefined.
You can implement this step using the snippet(s) below:

@Then(&quot;welcome message should appear on webpage	assert&quot;)
public void welcome_message_should_appear_on_webpage_assert() {
    // Write code here that turns the phrase above into concrete actions
    throw new io.cucumber.java.PendingException();
}

	at io.cucumber.core.runtime.TestCaseResultObserver.assertTestCasePassed(TestCaseResultObserver.java:69)
	at io.cucumber.testng.TestCaseResultObserver.assertTestCasePassed(TestCaseResultObserver.java:23)
	at io.cucumber.testng.TestNGCucumberRunner.lambda$runScenario$1(TestNGCucumberRunner.java:133)
	at io.cucumber.core.runtime.CucumberExecutionContext.lambda$runTestCase$5(CucumberExecutionContext.java:136)
	at io.cucumber.core.runtime.RethrowingThrowableCollector.executeAndThrow(RethrowingThrowableCollector.java:23)
	at io.cucumber.core.runtime.CucumberExecutionContext.runTestCase(CucumberExecutionContext.java:136)
	at io.cucumber.testng.TestNGCucumberRunner.runScenario(TestNGCucumberRunner.java:129)
	at io.cucumber.testng.AbstractTestNGCucumberTests.runScenario(AbstractTestNGCucumberTests.java:35)
	at java.base/java.util.concurrent.FutureTask.run(FutureTask.java:264)
	at java.base/java.util.concurrent.Executors$RunnableAdapter.call(Executors.java:539)
	at java.base/java.util.concurrent.FutureTask.run(FutureTask.java:264)
	at java.base/java.util.concurrent.ThreadPoolExecutor.runWorker(ThreadPoolExecutor.java:1136)
	at java.base/java.util.concurrent.ThreadPoolExecutor$Worker.run(ThreadPoolExecutor.java:635)
	at java.base/java.lang.Thread.run(Thread.java:833)
... Removed 7 stack frames</pre></div><a href='#' onClick='toggleBox("stack-trace1616040515", this, "Click to show all stack frames", "Click to hide stack frames")'>Click to show all stack frames</a>
<div class='stack-trace' id='stack-trace1616040515'><pre>io.cucumber.testng.UndefinedStepException: The step &apos;welcome message should appear on webpage	assert&apos; is undefined.
You can implement this step using the snippet(s) below:

@Then(&quot;welcome message should appear on webpage	assert&quot;)
public void welcome_message_should_appear_on_webpage_assert() {
    // Write code here that turns the phrase above into concrete actions
    throw new io.cucumber.java.PendingException();
}

	at io.cucumber.core.runtime.TestCaseResultObserver.assertTestCasePassed(TestCaseResultObserver.java:69)
	at io.cucumber.testng.TestCaseResultObserver.assertTestCasePassed(TestCaseResultObserver.java:23)
	at io.cucumber.testng.TestNGCucumberRunner.lambda$runScenario$1(TestNGCucumberRunner.java:133)
	at io.cucumber.core.runtime.CucumberExecutionContext.lambda$runTestCase$5(CucumberExecutionContext.java:136)
	at io.cucumber.core.runtime.RethrowingThrowableCollector.executeAndThrow(RethrowingThrowableCollector.java:23)
	at io.cucumber.core.runtime.CucumberExecutionContext.runTestCase(CucumberExecutionContext.java:136)
	at io.cucumber.testng.TestNGCucumberRunner.runScenario(TestNGCucumberRunner.java:129)
	at io.cucumber.testng.AbstractTestNGCucumberTests.runScenario(AbstractTestNGCucumberTests.java:35)
	at java.base/jdk.internal.reflect.DirectMethodHandleAccessor.invoke(DirectMethodHandleAccessor.java:104)
	at java.base/java.lang.reflect.Method.invoke(Method.java:577)
	at org.testng.internal.invokers.MethodInvocationHelper.invokeMethod(MethodInvocationHelper.java:139)
	at org.testng.internal.invokers.TestInvoker.invokeMethod(TestInvoker.java:664)
	at org.testng.internal.invokers.TestInvoker.invokeTestMethod(TestInvoker.java:227)
	at org.testng.internal.invokers.TestMethodWithDataProviderMethodWorker.call(TestMethodWithDataProviderMethodWorker.java:80)
	at org.testng.internal.invokers.TestMethodWithDataProviderMethodWorker.call(TestMethodWithDataProviderMethodWorker.java:17)
	at java.base/java.util.concurrent.FutureTask.run(FutureTask.java:264)
	at java.base/java.util.concurrent.Executors$RunnableAdapter.call(Executors.java:539)
	at java.base/java.util.concurrent.FutureTask.run(FutureTask.java:264)
	at java.base/java.util.concurrent.ThreadPoolExecutor.runWorker(ThreadPoolExecutor.java:1136)
	at java.base/java.util.concurrent.ThreadPoolExecutor$Worker.run(ThreadPoolExecutor.java:635)
	at java.base/java.lang.Thread.run(Thread.java:833)
</pre></div></td>
<td>13</td>
<td>TestRunner.TestRunnerTestNg@5bf0d49</td></tr>
<tr>
<td title='TestRunner.TestRunnerTestNg.runScenario()'><b>runScenario</b><br>Test class: TestRunner.TestRunnerTestNg<br>Test method: Runs Cucumber Scenarios<br>Parameters: "Title of your scenario", "Title of your feature"</td>
<td><div><pre>java.lang.AssertionError: expected [Incorrect password for username
You can , or try again.] but found [sandesh]
	at JavaStepDefinations.LoginStepDefination.welcome_message_should_appear_on_webpageassert(LoginStepDefination.java:61)
	at ✽.welcome message should appear on webpage assert(file:///D:/EclipseProgramsM/Assignment/maven/BDDDemo/src/test/java/Feature/login.feature:43)
... Removed 6 stack frames</pre></div><a href='#' onClick='toggleBox("stack-trace60440213", this, "Click to show all stack frames", "Click to hide stack frames")'>Click to show all stack frames</a>
<div class='stack-trace' id='stack-trace60440213'><pre>java.lang.AssertionError: expected [Incorrect password for username
You can , or try again.] but found [sandesh]
	at org.testng.Assert.fail(Assert.java:111)
	at org.testng.Assert.failNotEquals(Assert.java:1578)
	at org.testng.Assert.assertEqualsImpl(Assert.java:150)
	at org.testng.Assert.assertEquals(Assert.java:132)
	at org.testng.Assert.assertEquals(Assert.java:656)
	at org.testng.Assert.assertEquals(Assert.java:666)
	at JavaStepDefinations.LoginStepDefination.welcome_message_should_appear_on_webpageassert(LoginStepDefination.java:61)
	at ✽.welcome message should appear on webpage assert(file:///D:/EclipseProgramsM/Assignment/maven/BDDDemo/src/test/java/Feature/login.feature:43)
</pre></div></td>
<td>18</td>
<td>TestRunner.TestRunnerTestNg@5bf0d49</td></tr>
</table><p>
<table width='100%' border='1' class='invocation-passed'>
<tr><td colspan='4' align='center'><b>PASSED TESTS</b></td></tr>
<tr><td><b>Test method</b></td>
<td><b>Attribute(s)</b></td>
<td width="30%"><b>Exception</b></td>
<td width="10%"><b>Time (seconds)</b></td>
<td><b>Instance</b></td>
</tr>
<tr>
<td title='TestRunner.TestRunnerTestNg.runScenario()'><b>runScenario</b><br>Test class: TestRunner.TestRunnerTestNg<br>Test method: Runs Cucumber Scenarios<br>Parameters: "Title of your scenario", "Title of your feature"</td>
<td></td>
<td>28</td>
<td>TestRunner.TestRunnerTestNg@5bf0d49</td></tr>
<tr>
<td title='TestRunner.TestRunnerTestNg.runScenario()'><b>runScenario</b><br>Test class: TestRunner.TestRunnerTestNg<br>Test method: Runs Cucumber Scenarios<br>Parameters: "Title of your scenario", "Title of your feature"</td>
<td></td>
<td>24</td>
<td>TestRunner.TestRunnerTestNg@5bf0d49</td></tr>
<tr>
<td title='TestRunner.TestRunnerTestNg.runScenario()'><b>runScenario</b><br>Test class: TestRunner.TestRunnerTestNg<br>Test method: Runs Cucumber Scenarios<br>Parameters: "Title of your scenario", "Title of your feature"</td>
<td></td>
<td>24</td>
<td>TestRunner.TestRunnerTestNg@5bf0d49</td></tr>
</table><p>
</body>
</html>