<?xml version="1.0" encoding="UTF-8"?>
<!-- Generated by org.testng.reporters.JUnitXMLReporter -->
<testsuite ignored="0" hostname="DESKTOP-JRPDF9J" failures="2" tests="5" name="Cucumber Test" time="29.161" errors="0" timestamp="2025-02-16T21:48:04 IST">
  <testcase classname="io.cucumber.testng.AbstractTestNGCucumberTests" name="runScenario" time="13.198">
    <failure type="io.cucumber.testng.UndefinedStepException" message="The step &amp;apos;welcome message should appear on webpage	assert&amp;apos; is undefined.
You can implement this step using the snippet(s) below:

@Then(&amp;quot;welcome message should appear on webpage	assert&amp;quot;)
public void welcome_message_should_appear_on_webpage_assert() {
    // Write code here that turns the phrase above into concrete actions
    throw new io.cucumber.java.PendingException();
}
">
      <![CDATA[io.cucumber.testng.UndefinedStepException: The step 'welcome message should appear on webpageassert' is undefined.
You can implement this step using the snippet(s) below:

@Then("welcome message should appear on webpageassert")
public void welcome_message_should_appear_on_webpage_assert() {
    // Write code here that turns the phrase above into concrete actions
    throw new io.cucumber.java.PendingException();
}

at io.cucumber.core.runtime.TestCaseResultObserver.assertTestCasePassed(TestCaseResultObserver.java:69)
at io.cucumber.testng.TestCaseResultObserver.assertTestCasePassed(TestCaseResultObserver.java:23)
at io.cucumber.testng.TestNGCucumberRunner.lambda$runScenario$1(TestNGCucumberRunner.java:133)
at io.cucumber.core.runtime.CucumberExecutionContext.lambda$runTestCase$5(CucumberExecutionContext.java:136)
at io.cucumber.core.runtime.RethrowingThrowableCollector.executeAndThrow(RethrowingThrowableCollector.java:23)
at io.cucumber.core.runtime.CucumberExecutionContext.runTestCase(CucumberExecutionContext.java:136)
at io.cucumber.testng.TestNGCucumberRunner.runScenario(TestNGCucumberRunner.java:129)
at io.cucumber.testng.AbstractTestNGCucumberTests.runScenario(AbstractTestNGCucumberTests.java:35)
at java.base/java.util.concurrent.FutureTask.run(FutureTask.java:264)
at java.base/java.util.concurrent.Executors$RunnableAdapter.call(Executors.java:539)
at java.base/java.util.concurrent.FutureTask.run(FutureTask.java:264)
at java.base/java.util.concurrent.ThreadPoolExecutor.runWorker(ThreadPoolExecutor.java:1136)
at java.base/java.util.concurrent.ThreadPoolExecutor$Worker.run(ThreadPoolExecutor.java:635)
at java.base/java.lang.Thread.run(Thread.java:833)
... Removed 7 stack frames]]>
    </failure>
  </testcase> <!-- runScenario -->
  <testcase classname="io.cucumber.testng.AbstractTestNGCucumberTests" name="runScenario" time="18.533">
    <failure type="java.lang.AssertionError" message="expected [Incorrect password for username
You can , or try again.] but found [sandesh]">
      <![CDATA[java.lang.AssertionError: expected [Incorrect password for username
You can , or try again.] but found [sandesh]
at JavaStepDefinations.LoginStepDefination.welcome_message_should_appear_on_webpageassert(LoginStepDefination.java:61)
at âœ½.welcome message should appear on webpage assert(file:///D:/EclipseProgramsM/Assignment/maven/BDDDemo/src/test/java/Feature/login.feature:43)
... Removed 6 stack frames]]>
    </failure>
  </testcase> <!-- runScenario -->
  <testcase classname="io.cucumber.testng.AbstractTestNGCucumberTests" name="runScenario" time="24.131"/>
  <testcase classname="io.cucumber.testng.AbstractTestNGCucumberTests" name="runScenario" time="24.431"/>
  <testcase classname="io.cucumber.testng.AbstractTestNGCucumberTests" name="runScenario" time="28.266"/>
</testsuite> <!-- Cucumber Test -->
