<html>
<head>
<title>TestNG:  Cucumber Test</title>
<link href="../testng.css" rel="stylesheet" type="text/css" />
<link href="../my-testng.css" rel="stylesheet" type="text/css" />

<style type="text/css">
.log { display: none;} 
.stack-trace { display: none;} 
</style>
<script type="text/javascript">
<!--
function flip(e) {
  current = e.style.display;
  if (current == 'block') {
    e.style.display = 'none';
    return 0;
  }
  else {
    e.style.display = 'block';
    return 1;
  }
}

function toggleBox(szDivId, elem, msg1, msg2)
{
  var res = -1;  if (document.getElementById) {
    res = flip(document.getElementById(szDivId));
  }
  else if (document.all) {
    // this is the way old msie versions work
    res = flip(document.all[szDivId]);
  }
  if(elem) {
    if(res == 0) elem.innerHTML = msg1; else elem.innerHTML = msg2;
  }

}

function toggleAllBoxes() {
  if (document.getElementsByTagName) {
    d = document.getElementsByTagName('div');
    for (i = 0; i < d.length; i++) {
      if (d[i].className == 'log') {
        flip(d[i]);
      }
    }
  }
}

// -->
</script>

</head>
<body>
<h2 align='center'>Cucumber Test</h2><table border='1' align="center">
<tr>
<td>Tests passed/Failed/Skipped:</td><td>1/9/0</td>
</tr><tr>
<td>Started on:</td><td>Sun Feb 16 22:45:38 IST 2025</td>
</tr>
<tr><td>Total time:</td><td>52 seconds (52411 ms)</td>
</tr><tr>
<td>Included groups:</td><td></td>
</tr><tr>
<td>Excluded groups:</td><td></td>
</tr>
</table><p/>
<small><i>(Hover the method name to see the test class name)</i></small><p/>
<table width='100%' border='1' class='invocation-failed'>
<tr><td colspan='4' align='center'><b>FAILED TESTS</b></td></tr>
<tr><td><b>Test method</b></td>
<td><b>Attribute(s)</b></td>
<td width="30%"><b>Exception</b></td>
<td width="10%"><b>Time (seconds)</b></td>
<td><b>Instance</b></td>
</tr>
<tr>
<td title='TestRunner.TestRunnerTestNg.runScenario()'><b>runScenario</b><br>Test class: TestRunner.TestRunnerTestNg<br>Test method: Runs Cucumber Scenarios<br>Parameters: "Title of your scenario", "Title of your feature"</td>
<td><div><pre>org.openqa.selenium.WebDriverException: target frame detached
  (failed to check if window was closed: disconnected: Unable to receive message from renderer)
  (Session info: chrome=133.0.6943.99)
Build info: version: &apos;4.28.0&apos;, revision: &apos;ac342546e9&apos;
System info: os.name: &apos;Windows 10&apos;, os.arch: &apos;amd64&apos;, os.version: &apos;10.0&apos;, java.version: &apos;18.0.2&apos;
Driver info: org.openqa.selenium.chrome.ChromeDriver
Command: [a0f340ab1709e3445f9eb4d132537c64, get {url=https://www.netflix.com/login}]
Capabilities {acceptInsecureCerts: false, browserName: chrome, browserVersion: 133.0.6943.99, chrome: {chromedriverVersion: 133.0.6943.98 (da53563ceb66..., userDataDir: C:\Users\DEll\AppData\Local...}, fedcm:accounts: true, goog:chromeOptions: {debuggerAddress: localhost:63433}, networkConnectionEnabled: false, pageLoadStrategy: normal, platformName: windows, proxy: Proxy(), se:cdp: ws://localhost:63433/devtoo..., se:cdpVersion: 133.0.6943.99, setWindowRect: true, strictFileInteractability: false, timeouts: {implicit: 0, pageLoad: 300000, script: 30000}, unhandledPromptBehavior: dismiss and notify, webauthn:extension:credBlob: true, webauthn:extension:largeBlob: true, webauthn:extension:minPinLength: true, webauthn:extension:prf: true, webauthn:virtualAuthenticators: true}
Session ID: a0f340ab1709e3445f9eb4d132537c64
	at org.openqa.selenium.remote.ErrorCodec.decode(ErrorCodec.java:167)
	at org.openqa.selenium.remote.codec.w3c.W3CHttpResponseCodec.decode(W3CHttpResponseCodec.java:138)
	at org.openqa.selenium.remote.codec.w3c.W3CHttpResponseCodec.decode(W3CHttpResponseCodec.java:50)
	at org.openqa.selenium.remote.HttpCommandExecutor.execute(HttpCommandExecutor.java:215)
	at org.openqa.selenium.remote.service.DriverCommandExecutor.invokeExecute(DriverCommandExecutor.java:216)
	at org.openqa.selenium.remote.service.DriverCommandExecutor.execute(DriverCommandExecutor.java:174)
	at org.openqa.selenium.remote.RemoteWebDriver.execute(RemoteWebDriver.java:545)
	at org.openqa.selenium.remote.RemoteWebDriver.get(RemoteWebDriver.java:313)
	at JavaStepDefinations.LoginStepDefination.user_opens_the_url(LoginStepDefination.java:21)
	at ✽.user opens the &quot;https://www.netflix.com/login&quot; url(file:///D:/EclipseProgramsM/Assignment/maven/BDDDemo/src/test/java/Feature/login.feature:23)
... Removed 3 stack frames</pre></div><a href='#' onClick='toggleBox("stack-trace1700912416", this, "Click to show all stack frames", "Click to hide stack frames")'>Click to show all stack frames</a>
<div class='stack-trace' id='stack-trace1700912416'><pre>org.openqa.selenium.WebDriverException: target frame detached
  (failed to check if window was closed: disconnected: Unable to receive message from renderer)
  (Session info: chrome=133.0.6943.99)
Build info: version: &apos;4.28.0&apos;, revision: &apos;ac342546e9&apos;
System info: os.name: &apos;Windows 10&apos;, os.arch: &apos;amd64&apos;, os.version: &apos;10.0&apos;, java.version: &apos;18.0.2&apos;
Driver info: org.openqa.selenium.chrome.ChromeDriver
Command: [a0f340ab1709e3445f9eb4d132537c64, get {url=https://www.netflix.com/login}]
Capabilities {acceptInsecureCerts: false, browserName: chrome, browserVersion: 133.0.6943.99, chrome: {chromedriverVersion: 133.0.6943.98 (da53563ceb66..., userDataDir: C:\Users\DEll\AppData\Local...}, fedcm:accounts: true, goog:chromeOptions: {debuggerAddress: localhost:63433}, networkConnectionEnabled: false, pageLoadStrategy: normal, platformName: windows, proxy: Proxy(), se:cdp: ws://localhost:63433/devtoo..., se:cdpVersion: 133.0.6943.99, setWindowRect: true, strictFileInteractability: false, timeouts: {implicit: 0, pageLoad: 300000, script: 30000}, unhandledPromptBehavior: dismiss and notify, webauthn:extension:credBlob: true, webauthn:extension:largeBlob: true, webauthn:extension:minPinLength: true, webauthn:extension:prf: true, webauthn:virtualAuthenticators: true}
Session ID: a0f340ab1709e3445f9eb4d132537c64
	at java.base/jdk.internal.reflect.DirectConstructorHandleAccessor.newInstance(DirectConstructorHandleAccessor.java:67)
	at java.base/java.lang.reflect.Constructor.newInstanceWithCaller(Constructor.java:499)
	at java.base/java.lang.reflect.Constructor.newInstance(Constructor.java:483)
	at org.openqa.selenium.remote.ErrorCodec.decode(ErrorCodec.java:167)
	at org.openqa.selenium.remote.codec.w3c.W3CHttpResponseCodec.decode(W3CHttpResponseCodec.java:138)
	at org.openqa.selenium.remote.codec.w3c.W3CHttpResponseCodec.decode(W3CHttpResponseCodec.java:50)
	at org.openqa.selenium.remote.HttpCommandExecutor.execute(HttpCommandExecutor.java:215)
	at org.openqa.selenium.remote.service.DriverCommandExecutor.invokeExecute(DriverCommandExecutor.java:216)
	at org.openqa.selenium.remote.service.DriverCommandExecutor.execute(DriverCommandExecutor.java:174)
	at org.openqa.selenium.remote.RemoteWebDriver.execute(RemoteWebDriver.java:545)
	at org.openqa.selenium.remote.RemoteWebDriver.get(RemoteWebDriver.java:313)
	at JavaStepDefinations.LoginStepDefination.user_opens_the_url(LoginStepDefination.java:21)
	at ✽.user opens the &quot;https://www.netflix.com/login&quot; url(file:///D:/EclipseProgramsM/Assignment/maven/BDDDemo/src/test/java/Feature/login.feature:23)
</pre></div></td>
<td>4</td>
<td>TestRunner.TestRunnerTestNg@5bf0d49</td></tr>
<tr>
<td title='TestRunner.TestRunnerTestNg.runScenario()'><b>runScenario</b><br>Test class: TestRunner.TestRunnerTestNg<br>Test method: Runs Cucumber Scenarios<br>Parameters: "Title of your scenario", "Title of your feature"</td>
<td><div><pre>org.openqa.selenium.NoSuchElementException: Unable to find element with locator By.xpath: //*[@name=&quot;userLoginId&quot;]
For documentation on this error, please visit: https://www.selenium.dev/documentation/webdriver/troubleshooting/errors#no-such-element-exception
Build info: version: &apos;4.28.0&apos;, revision: &apos;ac342546e9&apos;
System info: os.name: &apos;Windows 10&apos;, os.arch: &apos;amd64&apos;, os.version: &apos;10.0&apos;, java.version: &apos;18.0.2&apos;
Driver info: driver.version: RemoteWebDriver
	at org.openqa.selenium.remote.ElementLocation$ElementFinder$2.findElement(ElementLocation.java:168)
	at org.openqa.selenium.remote.ElementLocation.findElement(ElementLocation.java:59)
	at org.openqa.selenium.remote.RemoteWebDriver.findElement(RemoteWebDriver.java:368)
	at org.openqa.selenium.remote.RemoteWebDriver.findElement(RemoteWebDriver.java:362)
	at JavaStepDefinations.LoginStepDefination.user_enters_in_username(LoginStepDefination.java:31)
	at ✽.user enters &quot;username&quot; in username(file:///D:/EclipseProgramsM/Assignment/maven/BDDDemo/src/test/java/Feature/login2.feature:27)
</pre></div><a href='#' onClick='toggleBox("stack-trace1462957585", this, "Click to show all stack frames", "Click to hide stack frames")'>Click to show all stack frames</a>
<div class='stack-trace' id='stack-trace1462957585'><pre>org.openqa.selenium.NoSuchElementException: Unable to find element with locator By.xpath: //*[@name=&quot;userLoginId&quot;]
For documentation on this error, please visit: https://www.selenium.dev/documentation/webdriver/troubleshooting/errors#no-such-element-exception
Build info: version: &apos;4.28.0&apos;, revision: &apos;ac342546e9&apos;
System info: os.name: &apos;Windows 10&apos;, os.arch: &apos;amd64&apos;, os.version: &apos;10.0&apos;, java.version: &apos;18.0.2&apos;
Driver info: driver.version: RemoteWebDriver
	at org.openqa.selenium.remote.ElementLocation$ElementFinder$2.findElement(ElementLocation.java:168)
	at org.openqa.selenium.remote.ElementLocation.findElement(ElementLocation.java:59)
	at org.openqa.selenium.remote.RemoteWebDriver.findElement(RemoteWebDriver.java:368)
	at org.openqa.selenium.remote.RemoteWebDriver.findElement(RemoteWebDriver.java:362)
	at JavaStepDefinations.LoginStepDefination.user_enters_in_username(LoginStepDefination.java:31)
	at ✽.user enters &quot;username&quot; in username(file:///D:/EclipseProgramsM/Assignment/maven/BDDDemo/src/test/java/Feature/login2.feature:27)
</pre></div></td>
<td>5</td>
<td>TestRunner.TestRunnerTestNg@5bf0d49</td></tr>
<tr>
<td title='TestRunner.TestRunnerTestNg.runScenario()'><b>runScenario</b><br>Test class: TestRunner.TestRunnerTestNg<br>Test method: Runs Cucumber Scenarios<br>Parameters: "Title of your scenario", "Title of your feature"</td>
<td><div><pre>org.openqa.selenium.NoSuchElementException: Unable to find element with locator By.xpath: //*[@name=&quot;userLoginId&quot;]
For documentation on this error, please visit: https://www.selenium.dev/documentation/webdriver/troubleshooting/errors#no-such-element-exception
Build info: version: &apos;4.28.0&apos;, revision: &apos;ac342546e9&apos;
System info: os.name: &apos;Windows 10&apos;, os.arch: &apos;amd64&apos;, os.version: &apos;10.0&apos;, java.version: &apos;18.0.2&apos;
Driver info: driver.version: RemoteWebDriver
	at org.openqa.selenium.remote.ElementLocation$ElementFinder$2.findElement(ElementLocation.java:168)
	at org.openqa.selenium.remote.ElementLocation.findElement(ElementLocation.java:59)
	at org.openqa.selenium.remote.RemoteWebDriver.findElement(RemoteWebDriver.java:368)
	at org.openqa.selenium.remote.RemoteWebDriver.findElement(RemoteWebDriver.java:362)
	at JavaStepDefinations.LoginStepDefination.user_enters_in_username(LoginStepDefination.java:31)
	at ✽.user enters &quot;username&quot; in username(file:///D:/EclipseProgramsM/Assignment/maven/BDDDemo/src/test/java/Feature/login.feature:47)
</pre></div><a href='#' onClick='toggleBox("stack-trace398819729", this, "Click to show all stack frames", "Click to hide stack frames")'>Click to show all stack frames</a>
<div class='stack-trace' id='stack-trace398819729'><pre>org.openqa.selenium.NoSuchElementException: Unable to find element with locator By.xpath: //*[@name=&quot;userLoginId&quot;]
For documentation on this error, please visit: https://www.selenium.dev/documentation/webdriver/troubleshooting/errors#no-such-element-exception
Build info: version: &apos;4.28.0&apos;, revision: &apos;ac342546e9&apos;
System info: os.name: &apos;Windows 10&apos;, os.arch: &apos;amd64&apos;, os.version: &apos;10.0&apos;, java.version: &apos;18.0.2&apos;
Driver info: driver.version: RemoteWebDriver
	at org.openqa.selenium.remote.ElementLocation$ElementFinder$2.findElement(ElementLocation.java:168)
	at org.openqa.selenium.remote.ElementLocation.findElement(ElementLocation.java:59)
	at org.openqa.selenium.remote.RemoteWebDriver.findElement(RemoteWebDriver.java:368)
	at org.openqa.selenium.remote.RemoteWebDriver.findElement(RemoteWebDriver.java:362)
	at JavaStepDefinations.LoginStepDefination.user_enters_in_username(LoginStepDefination.java:31)
	at ✽.user enters &quot;username&quot; in username(file:///D:/EclipseProgramsM/Assignment/maven/BDDDemo/src/test/java/Feature/login.feature:47)
</pre></div></td>
<td>2</td>
<td>TestRunner.TestRunnerTestNg@5bf0d49</td></tr>
<tr>
<td title='TestRunner.TestRunnerTestNg.runScenario()'><b>runScenario</b><br>Test class: TestRunner.TestRunnerTestNg<br>Test method: Runs Cucumber Scenarios<br>Parameters: "Title of your scenario", "Title of your feature"</td>
<td><div><pre>org.openqa.selenium.NoSuchElementException: Unable to find element with locator By.xpath: //*[@name=&quot;userLoginId&quot;]
For documentation on this error, please visit: https://www.selenium.dev/documentation/webdriver/troubleshooting/errors#no-such-element-exception
Build info: version: &apos;4.28.0&apos;, revision: &apos;ac342546e9&apos;
System info: os.name: &apos;Windows 10&apos;, os.arch: &apos;amd64&apos;, os.version: &apos;10.0&apos;, java.version: &apos;18.0.2&apos;
Driver info: driver.version: RemoteWebDriver
	at org.openqa.selenium.remote.ElementLocation$ElementFinder$2.findElement(ElementLocation.java:168)
	at org.openqa.selenium.remote.ElementLocation.findElement(ElementLocation.java:59)
	at org.openqa.selenium.remote.RemoteWebDriver.findElement(RemoteWebDriver.java:368)
	at org.openqa.selenium.remote.RemoteWebDriver.findElement(RemoteWebDriver.java:362)
	at JavaStepDefinations.LoginStepDefination.user_enters_in_username(LoginStepDefination.java:31)
	at ✽.user enters &quot;username&quot; in username(file:///D:/EclipseProgramsM/Assignment/maven/BDDDemo/src/test/java/Feature/login2.feature:41)
</pre></div><a href='#' onClick='toggleBox("stack-trace1071514075", this, "Click to show all stack frames", "Click to hide stack frames")'>Click to show all stack frames</a>
<div class='stack-trace' id='stack-trace1071514075'><pre>org.openqa.selenium.NoSuchElementException: Unable to find element with locator By.xpath: //*[@name=&quot;userLoginId&quot;]
For documentation on this error, please visit: https://www.selenium.dev/documentation/webdriver/troubleshooting/errors#no-such-element-exception
Build info: version: &apos;4.28.0&apos;, revision: &apos;ac342546e9&apos;
System info: os.name: &apos;Windows 10&apos;, os.arch: &apos;amd64&apos;, os.version: &apos;10.0&apos;, java.version: &apos;18.0.2&apos;
Driver info: driver.version: RemoteWebDriver
	at org.openqa.selenium.remote.ElementLocation$ElementFinder$2.findElement(ElementLocation.java:168)
	at org.openqa.selenium.remote.ElementLocation.findElement(ElementLocation.java:59)
	at org.openqa.selenium.remote.RemoteWebDriver.findElement(RemoteWebDriver.java:368)
	at org.openqa.selenium.remote.RemoteWebDriver.findElement(RemoteWebDriver.java:362)
	at JavaStepDefinations.LoginStepDefination.user_enters_in_username(LoginStepDefination.java:31)
	at ✽.user enters &quot;username&quot; in username(file:///D:/EclipseProgramsM/Assignment/maven/BDDDemo/src/test/java/Feature/login2.feature:41)
</pre></div></td>
<td>1</td>
<td>TestRunner.TestRunnerTestNg@5bf0d49</td></tr>
<tr>
<td title='TestRunner.TestRunnerTestNg.runScenario()'><b>runScenario</b><br>Test class: TestRunner.TestRunnerTestNg<br>Test method: Runs Cucumber Scenarios<br>Parameters: "Title of your scenario", "Title of your feature"</td>
<td><div><pre>org.openqa.selenium.NoSuchElementException: Unable to find element with locator By.xpath: //*[@name=&quot;userLoginId&quot;]
For documentation on this error, please visit: https://www.selenium.dev/documentation/webdriver/troubleshooting/errors#no-such-element-exception
Build info: version: &apos;4.28.0&apos;, revision: &apos;ac342546e9&apos;
System info: os.name: &apos;Windows 10&apos;, os.arch: &apos;amd64&apos;, os.version: &apos;10.0&apos;, java.version: &apos;18.0.2&apos;
Driver info: driver.version: RemoteWebDriver
	at org.openqa.selenium.remote.ElementLocation$ElementFinder$2.findElement(ElementLocation.java:168)
	at org.openqa.selenium.remote.ElementLocation.findElement(ElementLocation.java:59)
	at org.openqa.selenium.remote.RemoteWebDriver.findElement(RemoteWebDriver.java:368)
	at org.openqa.selenium.remote.RemoteWebDriver.findElement(RemoteWebDriver.java:362)
	at JavaStepDefinations.LoginStepDefination.user_enters_in_username(LoginStepDefination.java:31)
	at ✽.user enters &quot;username&quot; in username(file:///D:/EclipseProgramsM/Assignment/maven/BDDDemo/src/test/java/Feature/login2.feature:47)
</pre></div><a href='#' onClick='toggleBox("stack-trace2127209855", this, "Click to show all stack frames", "Click to hide stack frames")'>Click to show all stack frames</a>
<div class='stack-trace' id='stack-trace2127209855'><pre>org.openqa.selenium.NoSuchElementException: Unable to find element with locator By.xpath: //*[@name=&quot;userLoginId&quot;]
For documentation on this error, please visit: https://www.selenium.dev/documentation/webdriver/troubleshooting/errors#no-such-element-exception
Build info: version: &apos;4.28.0&apos;, revision: &apos;ac342546e9&apos;
System info: os.name: &apos;Windows 10&apos;, os.arch: &apos;amd64&apos;, os.version: &apos;10.0&apos;, java.version: &apos;18.0.2&apos;
Driver info: driver.version: RemoteWebDriver
	at org.openqa.selenium.remote.ElementLocation$ElementFinder$2.findElement(ElementLocation.java:168)
	at org.openqa.selenium.remote.ElementLocation.findElement(ElementLocation.java:59)
	at org.openqa.selenium.remote.RemoteWebDriver.findElement(RemoteWebDriver.java:368)
	at org.openqa.selenium.remote.RemoteWebDriver.findElement(RemoteWebDriver.java:362)
	at JavaStepDefinations.LoginStepDefination.user_enters_in_username(LoginStepDefination.java:31)
	at ✽.user enters &quot;username&quot; in username(file:///D:/EclipseProgramsM/Assignment/maven/BDDDemo/src/test/java/Feature/login2.feature:47)
</pre></div></td>
<td>1</td>
<td>TestRunner.TestRunnerTestNg@5bf0d49</td></tr>
<tr>
<td title='TestRunner.TestRunnerTestNg.runScenario()'><b>runScenario</b><br>Test class: TestRunner.TestRunnerTestNg<br>Test method: Runs Cucumber Scenarios<br>Parameters: "Title of your scenario", "Title of your feature"</td>
<td><div><pre>org.openqa.selenium.NoSuchElementException: Unable to find element with locator By.xpath: //*[@name=&quot;userLoginId&quot;]
For documentation on this error, please visit: https://www.selenium.dev/documentation/webdriver/troubleshooting/errors#no-such-element-exception
Build info: version: &apos;4.28.0&apos;, revision: &apos;ac342546e9&apos;
System info: os.name: &apos;Windows 10&apos;, os.arch: &apos;amd64&apos;, os.version: &apos;10.0&apos;, java.version: &apos;18.0.2&apos;
Driver info: driver.version: RemoteWebDriver
	at org.openqa.selenium.remote.ElementLocation$ElementFinder$2.findElement(ElementLocation.java:168)
	at org.openqa.selenium.remote.ElementLocation.findElement(ElementLocation.java:59)
	at org.openqa.selenium.remote.RemoteWebDriver.findElement(RemoteWebDriver.java:368)
	at org.openqa.selenium.remote.RemoteWebDriver.findElement(RemoteWebDriver.java:362)
	at JavaStepDefinations.LoginStepDefination.user_enters_in_username(LoginStepDefination.java:31)
	at ✽.user enters &quot;username&quot; in username(file:///D:/EclipseProgramsM/Assignment/maven/BDDDemo/src/test/java/Feature/login2.feature:34)
</pre></div><a href='#' onClick='toggleBox("stack-trace860845334", this, "Click to show all stack frames", "Click to hide stack frames")'>Click to show all stack frames</a>
<div class='stack-trace' id='stack-trace860845334'><pre>org.openqa.selenium.NoSuchElementException: Unable to find element with locator By.xpath: //*[@name=&quot;userLoginId&quot;]
For documentation on this error, please visit: https://www.selenium.dev/documentation/webdriver/troubleshooting/errors#no-such-element-exception
Build info: version: &apos;4.28.0&apos;, revision: &apos;ac342546e9&apos;
System info: os.name: &apos;Windows 10&apos;, os.arch: &apos;amd64&apos;, os.version: &apos;10.0&apos;, java.version: &apos;18.0.2&apos;
Driver info: driver.version: RemoteWebDriver
	at org.openqa.selenium.remote.ElementLocation$ElementFinder$2.findElement(ElementLocation.java:168)
	at org.openqa.selenium.remote.ElementLocation.findElement(ElementLocation.java:59)
	at org.openqa.selenium.remote.RemoteWebDriver.findElement(RemoteWebDriver.java:368)
	at org.openqa.selenium.remote.RemoteWebDriver.findElement(RemoteWebDriver.java:362)
	at JavaStepDefinations.LoginStepDefination.user_enters_in_username(LoginStepDefination.java:31)
	at ✽.user enters &quot;username&quot; in username(file:///D:/EclipseProgramsM/Assignment/maven/BDDDemo/src/test/java/Feature/login2.feature:34)
</pre></div></td>
<td>3</td>
<td>TestRunner.TestRunnerTestNg@5bf0d49</td></tr>
<tr>
<td title='TestRunner.TestRunnerTestNg.runScenario()'><b>runScenario</b><br>Test class: TestRunner.TestRunnerTestNg<br>Test method: Runs Cucumber Scenarios<br>Parameters: "Title of your scenario", "Title of your feature"</td>
<td><div><pre>org.openqa.selenium.NoSuchElementException: Unable to find element with locator By.xpath: //*[@name=&quot;userLoginId&quot;]
For documentation on this error, please visit: https://www.selenium.dev/documentation/webdriver/troubleshooting/errors#no-such-element-exception
Build info: version: &apos;4.28.0&apos;, revision: &apos;ac342546e9&apos;
System info: os.name: &apos;Windows 10&apos;, os.arch: &apos;amd64&apos;, os.version: &apos;10.0&apos;, java.version: &apos;18.0.2&apos;
Driver info: driver.version: RemoteWebDriver
	at org.openqa.selenium.remote.ElementLocation$ElementFinder$2.findElement(ElementLocation.java:168)
	at org.openqa.selenium.remote.ElementLocation.findElement(ElementLocation.java:59)
	at org.openqa.selenium.remote.RemoteWebDriver.findElement(RemoteWebDriver.java:368)
	at org.openqa.selenium.remote.RemoteWebDriver.findElement(RemoteWebDriver.java:362)
	at JavaStepDefinations.LoginStepDefination.user_enters_in_username(LoginStepDefination.java:31)
	at ✽.user enters &quot;username&quot; in username(file:///D:/EclipseProgramsM/Assignment/maven/BDDDemo/src/test/java/Feature/login.feature:54)
</pre></div><a href='#' onClick='toggleBox("stack-trace667694503", this, "Click to show all stack frames", "Click to hide stack frames")'>Click to show all stack frames</a>
<div class='stack-trace' id='stack-trace667694503'><pre>org.openqa.selenium.NoSuchElementException: Unable to find element with locator By.xpath: //*[@name=&quot;userLoginId&quot;]
For documentation on this error, please visit: https://www.selenium.dev/documentation/webdriver/troubleshooting/errors#no-such-element-exception
Build info: version: &apos;4.28.0&apos;, revision: &apos;ac342546e9&apos;
System info: os.name: &apos;Windows 10&apos;, os.arch: &apos;amd64&apos;, os.version: &apos;10.0&apos;, java.version: &apos;18.0.2&apos;
Driver info: driver.version: RemoteWebDriver
	at org.openqa.selenium.remote.ElementLocation$ElementFinder$2.findElement(ElementLocation.java:168)
	at org.openqa.selenium.remote.ElementLocation.findElement(ElementLocation.java:59)
	at org.openqa.selenium.remote.RemoteWebDriver.findElement(RemoteWebDriver.java:368)
	at org.openqa.selenium.remote.RemoteWebDriver.findElement(RemoteWebDriver.java:362)
	at JavaStepDefinations.LoginStepDefination.user_enters_in_username(LoginStepDefination.java:31)
	at ✽.user enters &quot;username&quot; in username(file:///D:/EclipseProgramsM/Assignment/maven/BDDDemo/src/test/java/Feature/login.feature:54)
</pre></div></td>
<td>3</td>
<td>TestRunner.TestRunnerTestNg@5bf0d49</td></tr>
<tr>
<td title='TestRunner.TestRunnerTestNg.runScenario()'><b>runScenario</b><br>Test class: TestRunner.TestRunnerTestNg<br>Test method: Runs Cucumber Scenarios<br>Parameters: "Title of your scenario", "Title of your feature"</td>
<td><div><pre>org.openqa.selenium.NoSuchElementException: Unable to find element with locator By.xpath: //*[@name=&quot;userLoginId&quot;]
For documentation on this error, please visit: https://www.selenium.dev/documentation/webdriver/troubleshooting/errors#no-such-element-exception
Build info: version: &apos;4.28.0&apos;, revision: &apos;ac342546e9&apos;
System info: os.name: &apos;Windows 10&apos;, os.arch: &apos;amd64&apos;, os.version: &apos;10.0&apos;, java.version: &apos;18.0.2&apos;
Driver info: driver.version: RemoteWebDriver
	at org.openqa.selenium.remote.ElementLocation$ElementFinder$2.findElement(ElementLocation.java:168)
	at org.openqa.selenium.remote.ElementLocation.findElement(ElementLocation.java:59)
	at org.openqa.selenium.remote.RemoteWebDriver.findElement(RemoteWebDriver.java:368)
	at org.openqa.selenium.remote.RemoteWebDriver.findElement(RemoteWebDriver.java:362)
	at JavaStepDefinations.LoginStepDefination.user_enters_in_username(LoginStepDefination.java:31)
	at ✽.user enters &quot;username&quot; in username(file:///D:/EclipseProgramsM/Assignment/maven/BDDDemo/src/test/java/Feature/login.feature:41)
</pre></div><a href='#' onClick='toggleBox("stack-trace73512364", this, "Click to show all stack frames", "Click to hide stack frames")'>Click to show all stack frames</a>
<div class='stack-trace' id='stack-trace73512364'><pre>org.openqa.selenium.NoSuchElementException: Unable to find element with locator By.xpath: //*[@name=&quot;userLoginId&quot;]
For documentation on this error, please visit: https://www.selenium.dev/documentation/webdriver/troubleshooting/errors#no-such-element-exception
Build info: version: &apos;4.28.0&apos;, revision: &apos;ac342546e9&apos;
System info: os.name: &apos;Windows 10&apos;, os.arch: &apos;amd64&apos;, os.version: &apos;10.0&apos;, java.version: &apos;18.0.2&apos;
Driver info: driver.version: RemoteWebDriver
	at org.openqa.selenium.remote.ElementLocation$ElementFinder$2.findElement(ElementLocation.java:168)
	at org.openqa.selenium.remote.ElementLocation.findElement(ElementLocation.java:59)
	at org.openqa.selenium.remote.RemoteWebDriver.findElement(RemoteWebDriver.java:368)
	at org.openqa.selenium.remote.RemoteWebDriver.findElement(RemoteWebDriver.java:362)
	at JavaStepDefinations.LoginStepDefination.user_enters_in_username(LoginStepDefination.java:31)
	at ✽.user enters &quot;username&quot; in username(file:///D:/EclipseProgramsM/Assignment/maven/BDDDemo/src/test/java/Feature/login.feature:41)
</pre></div></td>
<td>3</td>
<td>TestRunner.TestRunnerTestNg@5bf0d49</td></tr>
<tr>
<td title='TestRunner.TestRunnerTestNg.runScenario()'><b>runScenario</b><br>Test class: TestRunner.TestRunnerTestNg<br>Test method: Runs Cucumber Scenarios<br>Parameters: "Title of your scenario", "Title of your feature"</td>
<td><div><pre>org.openqa.selenium.NoSuchElementException: Unable to find element with locator By.xpath: //*[@name=&quot;userLoginId&quot;]
For documentation on this error, please visit: https://www.selenium.dev/documentation/webdriver/troubleshooting/errors#no-such-element-exception
Build info: version: &apos;4.28.0&apos;, revision: &apos;ac342546e9&apos;
System info: os.name: &apos;Windows 10&apos;, os.arch: &apos;amd64&apos;, os.version: &apos;10.0&apos;, java.version: &apos;18.0.2&apos;
Driver info: driver.version: RemoteWebDriver
	at org.openqa.selenium.remote.ElementLocation$ElementFinder$2.findElement(ElementLocation.java:168)
	at org.openqa.selenium.remote.ElementLocation.findElement(ElementLocation.java:59)
	at org.openqa.selenium.remote.RemoteWebDriver.findElement(RemoteWebDriver.java:368)
	at org.openqa.selenium.remote.RemoteWebDriver.findElement(RemoteWebDriver.java:362)
	at JavaStepDefinations.LoginStepDefination.user_enters_in_username(LoginStepDefination.java:31)
	at ✽.user enters &quot;username&quot; in username(file:///D:/EclipseProgramsM/Assignment/maven/BDDDemo/src/test/java/Feature/login2.feature:54)
</pre></div><a href='#' onClick='toggleBox("stack-trace644930335", this, "Click to show all stack frames", "Click to hide stack frames")'>Click to show all stack frames</a>
<div class='stack-trace' id='stack-trace644930335'><pre>org.openqa.selenium.NoSuchElementException: Unable to find element with locator By.xpath: //*[@name=&quot;userLoginId&quot;]
For documentation on this error, please visit: https://www.selenium.dev/documentation/webdriver/troubleshooting/errors#no-such-element-exception
Build info: version: &apos;4.28.0&apos;, revision: &apos;ac342546e9&apos;
System info: os.name: &apos;Windows 10&apos;, os.arch: &apos;amd64&apos;, os.version: &apos;10.0&apos;, java.version: &apos;18.0.2&apos;
Driver info: driver.version: RemoteWebDriver
	at org.openqa.selenium.remote.ElementLocation$ElementFinder$2.findElement(ElementLocation.java:168)
	at org.openqa.selenium.remote.ElementLocation.findElement(ElementLocation.java:59)
	at org.openqa.selenium.remote.RemoteWebDriver.findElement(RemoteWebDriver.java:368)
	at org.openqa.selenium.remote.RemoteWebDriver.findElement(RemoteWebDriver.java:362)
	at JavaStepDefinations.LoginStepDefination.user_enters_in_username(LoginStepDefination.java:31)
	at ✽.user enters &quot;username&quot; in username(file:///D:/EclipseProgramsM/Assignment/maven/BDDDemo/src/test/java/Feature/login2.feature:54)
</pre></div></td>
<td>1</td>
<td>TestRunner.TestRunnerTestNg@5bf0d49</td></tr>
</table><p>
<table width='100%' border='1' class='invocation-passed'>
<tr><td colspan='4' align='center'><b>PASSED TESTS</b></td></tr>
<tr><td><b>Test method</b></td>
<td><b>Attribute(s)</b></td>
<td width="30%"><b>Exception</b></td>
<td width="10%"><b>Time (seconds)</b></td>
<td><b>Instance</b></td>
</tr>
<tr>
<td title='TestRunner.TestRunnerTestNg.runScenario()'><b>runScenario</b><br>Test class: TestRunner.TestRunnerTestNg<br>Test method: Runs Cucumber Scenarios<br>Parameters: "Title of your scenario", "Title of your feature"</td>
<td></td>
<td>23</td>
<td>TestRunner.TestRunnerTestNg@5bf0d49</td></tr>
</table><p>
</body>
</html>